1699429479171:help
1699429797024:Who is head of department mathematics
1699429892343:shell:>
1699429902840:Who is head of department mathematics
1699430739377:Who is head of deparment mathematics
1699430750951:Who is head of department mathematics
1699432142969:Who is head of department computer science
1699432255608:Who is head of department mathematics
1699432264952:Who is head of department computer science
1699432635735:Who is head of department "computer science"
1699432841872:Show statistics mathematics
1699433148325:show statistics mathematics
1699433162052:Show statistics mathematics
1699433288730:Show statistics computer science
1699433296807:Show statistics "computer science"
1699433917084:Show statistics mathematics
1699433924759:Show statistics supernatural
1699433933379:Show statistics "computer science"
1699438979847:Show the average salary for the department mathematics
1699438986296:Show the average salary for the department supernatural
1699439489058:Show the average salary for the department "computer science"
1699439582693:Show count of employee for "computer science"
1699439595815:Show count of employee for supernatural
1699440171256:Global search by sup
1699441370566:Global search by Ma
1699442307934:Global search by sup
1699442320285:Global search by Ma
1699442326888:Global search lle
1699442331127:Global search by lle
1699442337973:Global search by ma
1699442721515:Global search by lle
1699442738717:Show count of employee for Supernatural
1699442751025:Show count of employee for "Computer science"
1699442871585:help
